Sat Oct 24 22:41:07 2020       
+-----------------------------------------------------------------------------+
| NVIDIA-SMI 455.23.05    Driver Version: 455.23.05    CUDA Version: 11.1     |
|-------------------------------+----------------------+----------------------+
| GPU  Name        Persistence-M| Bus-Id        Disp.A | Volatile Uncorr. ECC |
| Fan  Temp  Perf  Pwr:Usage/Cap|         Memory-Usage | GPU-Util  Compute M. |
|                               |                      |               MIG M. |
|===============================+======================+======================|
|   0  Tesla V100-PCIE...  Off  | 00000000:58:00.0 Off |                    0 |
| N/A   31C    P0    26W / 250W |      0MiB / 32510MiB |      0%   E. Process |
|                               |                      |                  N/A |
+-------------------------------+----------------------+----------------------+
|   1  Tesla V100-PCIE...  Off  | 00000000:D8:00.0 Off |                    0 |
| N/A   27C    P0    25W / 250W |      0MiB / 32510MiB |      0%   E. Process |
|                               |                      |                  N/A |
+-------------------------------+----------------------+----------------------+
                                                                               
+-----------------------------------------------------------------------------+
| Processes:                                                                  |
|  GPU   GI   CI        PID   Type   Process name                  GPU Memory |
|        ID   ID                                                   Usage      |
|=============================================================================|
|  No running processes found                                                 |
+-----------------------------------------------------------------------------+
/appl/cuda/10.2/samples/NVIDIA_CUDA-10.2_Samples/bin/x86_64/linux/release/deviceQuery Starting...

 CUDA Device Query (Runtime API) version (CUDART static linking)

Detected 2 CUDA Capable device(s)

Device 0: "Tesla V100-PCIE-32GB"
  CUDA Driver Version / Runtime Version          11.1 / 10.2
  CUDA Capability Major/Minor version number:    7.0
  Total amount of global memory:                 32510 MBytes (34089730048 bytes)
  (80) Multiprocessors, ( 64) CUDA Cores/MP:     5120 CUDA Cores
  GPU Max Clock rate:                            1380 MHz (1.38 GHz)
  Memory Clock rate:                             877 Mhz
  Memory Bus Width:                              4096-bit
  L2 Cache Size:                                 6291456 bytes
  Maximum Texture Dimension Size (x,y,z)         1D=(131072), 2D=(131072, 65536), 3D=(16384, 16384, 16384)
  Maximum Layered 1D Texture Size, (num) layers  1D=(32768), 2048 layers
  Maximum Layered 2D Texture Size, (num) layers  2D=(32768, 32768), 2048 layers
  Total amount of constant memory:               65536 bytes
  Total amount of shared memory per block:       49152 bytes
  Total number of registers available per block: 65536
  Warp size:                                     32
  Maximum number of threads per multiprocessor:  2048
  Maximum number of threads per block:           1024
  Max dimension size of a thread block (x,y,z): (1024, 1024, 64)
  Max dimension size of a grid size    (x,y,z): (2147483647, 65535, 65535)
  Maximum memory pitch:                          2147483647 bytes
  Texture alignment:                             512 bytes
  Concurrent copy and kernel execution:          Yes with 7 copy engine(s)
  Run time limit on kernels:                     No
  Integrated GPU sharing Host Memory:            No
  Support host page-locked memory mapping:       Yes
  Alignment requirement for Surfaces:            Yes
  Device has ECC support:                        Enabled
  Device supports Unified Addressing (UVA):      Yes
  Device supports Compute Preemption:            Yes
  Supports Cooperative Kernel Launch:            Yes
  Supports MultiDevice Co-op Kernel Launch:      Yes
  Device PCI Domain ID / Bus ID / location ID:   0 / 88 / 0
  Compute Mode:
     < Exclusive Process (many threads in one process is able to use ::cudaSetDevice() with this device) >

Device 1: "Tesla V100-PCIE-32GB"
  CUDA Driver Version / Runtime Version          11.1 / 10.2
  CUDA Capability Major/Minor version number:    7.0
  Total amount of global memory:                 32510 MBytes (34089730048 bytes)
  (80) Multiprocessors, ( 64) CUDA Cores/MP:     5120 CUDA Cores
  GPU Max Clock rate:                            1380 MHz (1.38 GHz)
  Memory Clock rate:                             877 Mhz
  Memory Bus Width:                              4096-bit
  L2 Cache Size:                                 6291456 bytes
  Maximum Texture Dimension Size (x,y,z)         1D=(131072), 2D=(131072, 65536), 3D=(16384, 16384, 16384)
  Maximum Layered 1D Texture Size, (num) layers  1D=(32768), 2048 layers
  Maximum Layered 2D Texture Size, (num) layers  2D=(32768, 32768), 2048 layers
  Total amount of constant memory:               65536 bytes
  Total amount of shared memory per block:       49152 bytes
  Total number of registers available per block: 65536
  Warp size:                                     32
  Maximum number of threads per multiprocessor:  2048
  Maximum number of threads per block:           1024
  Max dimension size of a thread block (x,y,z): (1024, 1024, 64)
  Max dimension size of a grid size    (x,y,z): (2147483647, 65535, 65535)
  Maximum memory pitch:                          2147483647 bytes
  Texture alignment:                             512 bytes
  Concurrent copy and kernel execution:          Yes with 7 copy engine(s)
  Run time limit on kernels:                     No
  Integrated GPU sharing Host Memory:            No
  Support host page-locked memory mapping:       Yes
  Alignment requirement for Surfaces:            Yes
  Device has ECC support:                        Enabled
  Device supports Unified Addressing (UVA):      Yes
  Device supports Compute Preemption:            Yes
  Supports Cooperative Kernel Launch:            Yes
  Supports MultiDevice Co-op Kernel Launch:      Yes
  Device PCI Domain ID / Bus ID / location ID:   0 / 216 / 0
  Compute Mode:
     < Exclusive Process (many threads in one process is able to use ::cudaSetDevice() with this device) >
> Peer access from Tesla V100-PCIE-32GB (GPU0) -> Tesla V100-PCIE-32GB (GPU1) : Yes
> Peer access from Tesla V100-PCIE-32GB (GPU1) -> Tesla V100-PCIE-32GB (GPU0) : Yes

deviceQuery, CUDA Driver = CUDART, CUDA Driver Version = 11.1, CUDA Runtime Version = 10.2, NumDevs = 2
Result = PASS
Collecting package metadata (current_repodata.json): ...working... done
Solving environment: ...working... done

# All requested packages already installed.

Collecting package metadata (current_repodata.json): ...working... done
Solving environment: ...working... done

## Package Plan ##

  environment location: /zhome/23/5/144085/miniconda3/envs/raft

  added / updated specs:
    - numpy


The following packages will be UPDATED:

  ca-certificates    conda-forge::ca-certificates-2020.6.2~ --> pkgs/main::ca-certificates-2020.10.14-0

The following packages will be SUPERSEDED by a higher-priority channel:

  certifi            conda-forge::certifi-2020.6.20-py38h9~ --> pkgs/main::certifi-2020.6.20-py38_0
  openssl            conda-forge::openssl-1.1.1h-h516909a_0 --> pkgs/main::openssl-1.1.1h-h7b6447c_0


Proceed ([y]/n)? 
Preparing transaction: ...working... done
Verifying transaction: ...working... done
Executing transaction: ...working... done
Collecting package metadata (current_repodata.json): ...working... done
Solving environment: ...working... done

# All requested packages already installed.

Collecting package metadata (current_repodata.json): ...working... done
Solving environment: ...working... done

# All requested packages already installed.

Collecting package metadata (current_repodata.json): ...working... done
Solving environment: ...working... done

# All requested packages already installed.

Collecting package metadata (current_repodata.json): ...working... done
Solving environment: ...working... done

# All requested packages already installed.

Collecting package metadata (current_repodata.json): ...working... done
Solving environment: ...working... done

# All requested packages already installed.

Collecting package metadata (current_repodata.json): ...working... done
Solving environment: ...working... done

## Package Plan ##

  environment location: /zhome/23/5/144085/miniconda3/envs/raft

  added / updated specs:
    - opencv


The following packages will be UPDATED:

  certifi               pkgs/main::certifi-2020.6.20-py38_0 --> conda-forge::certifi-2020.6.20-py38h924ce5b_2

The following packages will be SUPERSEDED by a higher-priority channel:

  ca-certificates    pkgs/main::ca-certificates-2020.10.14~ --> conda-forge::ca-certificates-2020.6.20-hecda079_0
  openssl              pkgs/main::openssl-1.1.1h-h7b6447c_0 --> conda-forge::openssl-1.1.1h-h516909a_0


Proceed ([y]/n)? 
Preparing transaction: ...working... done
Verifying transaction: ...working... done
Executing transaction: ...working... done
Parameter Count: 5257536
Training with 22232 image pairs
[   100,  0.0000236]     0.0590,     0.2668,     0.4049,    15.3694, 
[   200,  0.0000313]     0.0614,     0.2826,     0.4248,    15.3574, 
[   300,  0.0000389]     0.0360,     0.2114,     0.3736,    14.9592, 
[   400,  0.0000466]     0.0364,     0.2176,     0.3825,    14.0297, 
[   500,  0.0000543]     0.0573,     0.2962,     0.4722,    12.8337, 
[   600,  0.0000620]     0.0720,     0.3383,     0.5092,    11.8317, 
[   700,  0.0000696]     0.1022,     0.3931,     0.5512,    11.6366, 
[   800,  0.0000773]     0.1351,     0.4529,     0.6048,    10.3277, 
[   900,  0.0000850]     0.1950,     0.5260,     0.6561,     9.3927, 
[  1000,  0.0000927]     0.2404,     0.5758,     0.6963,     8.9641, 
[  1100,  0.0001003]     0.2953,     0.6202,     0.7277,     8.0571, 
[  1200,  0.0001080]     0.3494,     0.6649,     0.7589,     8.0763, 
[  1300,  0.0001157]     0.3979,     0.7043,     0.7928,     6.7051, 
[  1400,  0.0001234]     0.4297,     0.7157,     0.7957,     6.5678, 
[  1500,  0.0001310]     0.4700,     0.7380,     0.8121,     6.3250, 
[  1600,  0.0001387]     0.4936,     0.7516,     0.8217,     6.0759, 
[  1700,  0.0001464]     0.4978,     0.7527,     0.8211,     6.5846, 
[  1800,  0.0001541]     0.5103,     0.7507,     0.8173,     6.7694, 
[  1900,  0.0001617]     0.5398,     0.7737,     0.8359,     6.1967, 
[  2000,  0.0001694]     0.5468,     0.7743,     0.8336,     5.7337, 
[  2100,  0.0001771]     0.5667,     0.7884,     0.8463,     5.5708, 
[  2200,  0.0001847]     0.5695,     0.7873,     0.8449,     5.4243, 
[  2300,  0.0001924]     0.5965,     0.8035,     0.8574,     5.1502, 
[  2400,  0.0002001]     0.6019,     0.8039,     0.8569,     5.0699, 
[  2500,  0.0002078]     0.5821,     0.7877,     0.8419,     6.0218, 
[  2600,  0.0002154]     0.5991,     0.8017,     0.8550,     5.2321, 
[  2700,  0.0002231]     0.6039,     0.8069,     0.8593,     5.0635, 
[  2800,  0.0002308]     0.6120,     0.8081,     0.8589,     4.9369, 
[  2900,  0.0002385]     0.6227,     0.8163,     0.8653,     5.4093, 
[  3000,  0.0002461]     0.6336,     0.8257,     0.8734,     4.7239, 
[  3100,  0.0002538]     0.6396,     0.8243,     0.8720,     4.7652, 
[  3200,  0.0002615]     0.6477,     0.8301,     0.8758,     4.4715, 
[  3300,  0.0002692]     0.6454,     0.8301,     0.8762,     4.7586, 
[  3400,  0.0002768]     0.6577,     0.8390,     0.8820,     4.7195, 
[  3500,  0.0002845]     0.6388,     0.8240,     0.8708,     4.8398, 
[  3600,  0.0002922]     0.6389,     0.8207,     0.8681,     5.0504, 
[  3700,  0.0002999]     0.6622,     0.8401,     0.8839,     4.4269, 
[  3800,  0.0003075]     0.6572,     0.8350,     0.8791,     4.5998, 
[  3900,  0.0003152]     0.6500,     0.8334,     0.8785,     4.7515, 
[  4000,  0.0003229]     0.6555,     0.8342,     0.8783,     5.0115, 
[  4100,  0.0003306]     0.6565,     0.8380,     0.8825,     4.5410, 
[  4200,  0.0003382]     0.6623,     0.8356,     0.8791,     4.6703, 
[  4300,  0.0003459]     0.6721,     0.8427,     0.8856,     4.3552, 
[  4400,  0.0003536]     0.6823,     0.8497,     0.8896,     4.2859, 
[  4500,  0.0003612]     0.6797,     0.8482,     0.8877,     4.4399, 
[  4600,  0.0003689]     0.6809,     0.8464,     0.8859,     4.4803, 
[  4700,  0.0003766]     0.6772,     0.8455,     0.8870,     4.4687, 
[  4800,  0.0003843]     0.6848,     0.8553,     0.8940,     4.2733, 
[  4900,  0.0003919]     0.6830,     0.8516,     0.8916,     4.6595, 
[  5000,  0.0003996]     0.6733,     0.8419,     0.8829,     5.1681, 
Validation Chairs EPE: 2.781399
[  5100,  0.0003996]     0.6821,     0.8498,     0.8898,     4.4304, 
[  5200,  0.0003992]     0.6725,     0.8475,     0.8883,     4.5166, 
[  5300,  0.0003988]     0.6861,     0.8548,     0.8943,     4.1441, 
[  5400,  0.0003983]     0.7023,     0.8655,     0.9026,     3.7104, 
[  5500,  0.0003979]     0.6832,     0.8480,     0.8874,     4.4897, 
[  5600,  0.0003975]     0.6895,     0.8529,     0.8917,     4.1765, 
[  5700,  0.0003971]     0.6979,     0.8619,     0.9002,     3.7201, 
[  5800,  0.0003967]     0.6992,     0.8593,     0.8959,     4.1734, 
[  5900,  0.0003962]     0.7078,     0.8671,     0.9027,     3.8680, 
[  6000,  0.0003958]     0.6982,     0.8629,     0.9008,     4.0996, 
[  6100,  0.0003954]     0.6994,     0.8629,     0.8991,     4.0518, 
[  6200,  0.0003950]     0.6929,     0.8589,     0.8969,     4.0827, 
[  6300,  0.0003946]     0.6984,     0.8640,     0.9009,     3.7281, 
[  6400,  0.0003941]     0.7057,     0.8649,     0.9012,     3.7994, 
[  6500,  0.0003937]     0.7141,     0.8725,     0.9078,     3.5190, 
[  6600,  0.0003933]     0.7156,     0.8738,     0.9088,     3.4545, 
[  6700,  0.0003929]     0.7101,     0.8727,     0.9082,     3.8005, 
[  6800,  0.0003924]     0.7004,     0.8591,     0.8963,     4.4474, 
[  6900,  0.0003920]     0.7114,     0.8701,     0.9051,     3.6300, 
[  7000,  0.0003916]     0.7154,     0.8738,     0.9090,     3.6567, 
[  7100,  0.0003912]     0.7142,     0.8735,     0.9092,     3.6056, 
[  7200,  0.0003908]     0.7229,     0.8795,     0.9128,     3.4701, 
[  7300,  0.0003903]     0.7272,     0.8800,     0.9134,     3.4922, 
[  7400,  0.0003899]     0.7248,     0.8780,     0.9108,     3.3996, 
[  7500,  0.0003895]     0.7145,     0.8692,     0.9037,     4.0671, 
[  7600,  0.0003891]     0.7129,     0.8735,     0.9078,     3.5995, 
[  7700,  0.0003887]     0.7225,     0.8772,     0.9114,     3.4597, 
[  7800,  0.0003882]     0.7242,     0.8787,     0.9124,     3.5599, 
[  7900,  0.0003878]     0.7308,     0.8818,     0.9130,     3.5524, 
[  8000,  0.0003874]     0.7243,     0.8796,     0.9125,     3.2498, 
[  8100,  0.0003870]     0.7328,     0.8872,     0.9196,     3.1977, 
[  8200,  0.0003866]     0.7261,     0.8794,     0.9112,     3.7286, 
[  8300,  0.0003861]     0.7230,     0.8814,     0.9137,     3.3900, 
[  8400,  0.0003857]     0.7261,     0.8761,     0.9087,     3.7447, 
[  8500,  0.0003853]     0.7249,     0.8802,     0.9127,     3.6212, 
[  8600,  0.0003849]     0.7441,     0.8942,     0.9246,     3.0427, 
[  8700,  0.0003845]     0.7296,     0.8852,     0.9180,     3.2144, 
[  8800,  0.0003840]     0.7473,     0.8908,     0.9211,     3.0981, 
[  8900,  0.0003836]     0.7397,     0.8909,     0.9222,     2.9180, 
[  9000,  0.0003832]     0.7438,     0.8923,     0.9232,     3.0120, 
[  9100,  0.0003828]     0.7434,     0.8932,     0.9234,     2.9035, 
[  9200,  0.0003824]     0.7359,     0.8852,     0.9153,     3.4526, 
[  9300,  0.0003819]     0.7398,     0.8889,     0.9195,     3.2378, 
[  9400,  0.0003815]     0.7377,     0.8861,     0.9171,     3.2388, 
[  9500,  0.0003811]     0.7375,     0.8873,     0.9187,     3.3435, 
[  9600,  0.0003807]     0.7410,     0.8925,     0.9229,     3.2460, 
[  9700,  0.0003803]     0.7370,     0.8865,     0.9171,     3.4349, 
[  9800,  0.0003798]     0.7407,     0.8915,     0.9221,     3.0057, 
[  9900,  0.0003794]     0.7326,     0.8849,     0.9170,     3.2845, 
[ 10000,  0.0003790]     0.7535,     0.8998,     0.9286,     2.7665, 
Validation Chairs EPE: 1.904643
[ 10100,  0.0003786]     0.7442,     0.8925,     0.9231,     3.0655, 
[ 10200,  0.0003781]     0.7438,     0.8912,     0.9219,     3.2233, 
[ 10300,  0.0003777]     0.7471,     0.8959,     0.9262,     2.7959, 
[ 10400,  0.0003773]     0.7515,     0.8957,     0.9256,     2.8592, 
[ 10500,  0.0003769]     0.7353,     0.8901,     0.9220,     3.1461, 
[ 10600,  0.0003765]     0.7483,     0.8966,     0.9259,     3.0023, 
[ 10700,  0.0003760]     0.7516,     0.8972,     0.9259,     2.9841, 
[ 10800,  0.0003756]     0.7444,     0.8933,     0.9227,     2.9828, 
[ 10900,  0.0003752]     0.7444,     0.8904,     0.9218,     3.3075, 
[ 11000,  0.0003748]     0.7501,     0.8958,     0.9259,     3.0121, 
[ 11100,  0.0003744]     0.7489,     0.8957,     0.9248,     3.0365, 
[ 11200,  0.0003739]     0.7513,     0.8983,     0.9271,     2.9539, 
[ 11300,  0.0003735]     0.7514,     0.8972,     0.9259,     3.1346, 
[ 11400,  0.0003731]     0.7441,     0.8917,     0.9212,     3.3546, 
[ 11500,  0.0003727]     0.7393,     0.8894,     0.9197,     3.4084, 
[ 11600,  0.0003723]     0.7612,     0.9043,     0.9313,     2.6946, 
[ 11700,  0.0003718]     0.7620,     0.9013,     0.9302,     2.7630, 
[ 11800,  0.0003714]     0.7508,     0.8968,     0.9253,     3.1710, 
[ 11900,  0.0003710]     0.7512,     0.8959,     0.9245,     3.2351, 
[ 12000,  0.0003706]     0.7452,     0.8961,     0.9253,     3.0390, 
[ 12100,  0.0003702]     0.7431,     0.8958,     0.9258,     2.9065, 
[ 12200,  0.0003697]     0.7581,     0.9027,     0.9289,     3.0044, 
[ 12300,  0.0003693]     0.7603,     0.9014,     0.9288,     2.7963, 
[ 12400,  0.0003689]     0.7562,     0.9013,     0.9289,     3.1114, 
[ 12500,  0.0003685]     0.7586,     0.9024,     0.9309,     2.8142, 
[ 12600,  0.0003681]     0.7630,     0.9030,     0.9305,     2.8781, 
[ 12700,  0.0003676]     0.7581,     0.9016,     0.9296,     3.0318, 
[ 12800,  0.0003672]     0.7602,     0.9035,     0.9310,     2.7604, 
[ 12900,  0.0003668]     0.7556,     0.9014,     0.9291,     2.9012, 
[ 13000,  0.0003664]     0.7608,     0.9028,     0.9314,     2.6038, 
[ 13100,  0.0003659]     0.7664,     0.9072,     0.9337,     2.5363, 
[ 13200,  0.0003655]     0.7672,     0.9070,     0.9338,     2.7811, 
[ 13300,  0.0003651]     0.7510,     0.9005,     0.9291,     2.9187, 
[ 13400,  0.0003647]     0.7556,     0.8982,     0.9257,     3.0500, 
[ 13500,  0.0003643]     0.7647,     0.9092,     0.9356,     2.6315, 
[ 13600,  0.0003638]     0.7702,     0.9076,     0.9331,     2.7902, 
[ 13700,  0.0003634]     0.7619,     0.9043,     0.9311,     2.7333, 
[ 13800,  0.0003630]     0.7664,     0.9050,     0.9312,     2.8581, 
[ 13900,  0.0003626]     0.7627,     0.9040,     0.9309,     2.9336, 
[ 14000,  0.0003622]     0.7542,     0.9015,     0.9296,     2.6215, 
[ 14100,  0.0003617]     0.7565,     0.9067,     0.9336,     3.0827, 
[ 14200,  0.0003613]     0.7611,     0.9038,     0.9308,     2.7394, 
[ 14300,  0.0003609]     0.7684,     0.9090,     0.9351,     2.5847, 
[ 14400,  0.0003605]     0.7573,     0.9036,     0.9299,     3.0180, 
[ 14500,  0.0003601]     0.7628,     0.9025,     0.9301,     2.9512, 
[ 14600,  0.0003596]     0.7739,     0.9086,     0.9346,     2.6424, 
[ 14700,  0.0003592]     0.7614,     0.9049,     0.9314,     2.8169, 
[ 14800,  0.0003588]     0.7801,     0.9148,     0.9388,     2.4713, 
[ 14900,  0.0003584]     0.7614,     0.9045,     0.9308,     2.6988, 
[ 15000,  0.0003580]     0.7718,     0.9084,     0.9342,     2.9419, 
Validation Chairs EPE: 1.630591
[ 15100,  0.0003575]     0.7724,     0.9088,     0.9344,     2.6769, 
[ 15200,  0.0003571]     0.7596,     0.9029,     0.9304,     2.8579, 
[ 15300,  0.0003567]     0.7698,     0.9091,     0.9351,     2.6965, 
[ 15400,  0.0003563]     0.7813,     0.9148,     0.9388,     2.5891, 
[ 15500,  0.0003559]     0.7779,     0.9132,     0.9390,     2.4168, 
[ 15600,  0.0003554]     0.7676,     0.9068,     0.9323,     2.8391, 
[ 15700,  0.0003550]     0.7655,     0.9082,     0.9352,     2.3840, 
[ 15800,  0.0003546]     0.7813,     0.9149,     0.9391,     2.5019, 
[ 15900,  0.0003542]     0.7681,     0.9099,     0.9346,     2.8599, 
[ 16000,  0.0003538]     0.7698,     0.9057,     0.9312,     2.9218, 
[ 16100,  0.0003533]     0.7583,     0.9045,     0.9321,     2.7358, 
[ 16200,  0.0003529]     0.7763,     0.9128,     0.9374,     2.4196, 
[ 16300,  0.0003525]     0.7700,     0.9114,     0.9372,     2.5777, 
[ 16400,  0.0003521]     0.7835,     0.9168,     0.9407,     2.2769, 
[ 16500,  0.0003516]     0.7713,     0.9106,     0.9359,     2.7604, 
[ 16600,  0.0003512]     0.7746,     0.9108,     0.9366,     2.5194, 
[ 16700,  0.0003508]     0.7743,     0.9091,     0.9345,     2.7783, 
[ 16800,  0.0003504]     0.7812,     0.9155,     0.9402,     2.4009, 
[ 16900,  0.0003500]     0.7735,     0.9115,     0.9365,     2.5170, 
[ 17000,  0.0003495]     0.7777,     0.9129,     0.9368,     2.5396, 
[ 17100,  0.0003491]     0.7806,     0.9134,     0.9381,     2.6080, 
[ 17200,  0.0003487]     0.7656,     0.9102,     0.9355,     2.5739, 
[ 17300,  0.0003483]     0.7689,     0.9099,     0.9352,     2.6153, 
[ 17400,  0.0003479]     0.7742,     0.9117,     0.9377,     2.4831, 
[ 17500,  0.0003474]     0.7790,     0.9149,     0.9389,     2.5469, 
[ 17600,  0.0003470]     0.7765,     0.9130,     0.9378,     2.5804, 
[ 17700,  0.0003466]     0.7736,     0.9102,     0.9359,     2.5503, 
[ 17800,  0.0003462]     0.7732,     0.9125,     0.9366,     2.8238, 
[ 17900,  0.0003458]     0.7665,     0.9081,     0.9336,     2.8453, 
[ 18000,  0.0003453]     0.7736,     0.9102,     0.9355,     2.6980, 
[ 18100,  0.0003449]     0.7652,     0.9081,     0.9343,     2.6218, 
[ 18200,  0.0003445]     0.7729,     0.9113,     0.9365,     2.7117, 
[ 18300,  0.0003441]     0.7748,     0.9121,     0.9357,     2.6583, 
[ 18400,  0.0003437]     0.7671,     0.9080,     0.9340,     2.6471, 
[ 18500,  0.0003432]     0.7837,     0.9152,     0.9403,     2.6448, 
[ 18600,  0.0003428]     0.7774,     0.9154,     0.9398,     2.3299, 
[ 18700,  0.0003424]     0.7740,     0.9151,     0.9397,     2.4641, 
[ 18800,  0.0003420]     0.7883,     0.9192,     0.9427,     2.5473, 
[ 18900,  0.0003416]     0.7788,     0.9139,     0.9384,     2.5208, 
[ 19000,  0.0003411]     0.7775,     0.9149,     0.9394,     2.5481, 
[ 19100,  0.0003407]     0.7854,     0.9185,     0.9423,     2.2486, 
[ 19200,  0.0003403]     0.7763,     0.9155,     0.9400,     2.3658, 
[ 19300,  0.0003399]     0.7778,     0.9134,     0.9386,     2.4144, 
[ 19400,  0.0003395]     0.7828,     0.9174,     0.9411,     2.2084, 
[ 19500,  0.0003390]     0.7809,     0.9181,     0.9412,     2.4429, 
[ 19600,  0.0003386]     0.7767,     0.9106,     0.9361,     2.4425, 
[ 19700,  0.0003382]     0.7792,     0.9165,     0.9400,     2.4736, 
[ 19800,  0.0003378]     0.7782,     0.9146,     0.9378,     2.7870, 
[ 19900,  0.0003373]     0.7805,     0.9169,     0.9410,     2.4373, 
[ 20000,  0.0003369]     0.7797,     0.9158,     0.9402,     2.6379, 
Validation Chairs EPE: 1.556154
[ 20100,  0.0003365]     0.7832,     0.9196,     0.9429,     2.5786, 
[ 20200,  0.0003361]     0.7811,     0.9161,     0.9397,     2.4089, 
[ 20300,  0.0003357]     0.7761,     0.9157,     0.9403,     2.5773, 
[ 20400,  0.0003352]     0.7839,     0.9209,     0.9441,     2.3917, 
[ 20500,  0.0003348]     0.7867,     0.9195,     0.9433,     2.2156, 
[ 20600,  0.0003344]     0.7879,     0.9192,     0.9424,     2.5356, 
[ 20700,  0.0003340]     0.7786,     0.9171,     0.9411,     2.3703, 
[ 20800,  0.0003336]     0.7931,     0.9220,     0.9437,     2.1804, 
[ 20900,  0.0003331]     0.7803,     0.9152,     0.9390,     2.7070, 
[ 21000,  0.0003327]     0.7806,     0.9164,     0.9406,     2.5885, 
[ 21100,  0.0003323]     0.7849,     0.9187,     0.9414,     2.4398, 
[ 21200,  0.0003319]     0.7834,     0.9151,     0.9389,     2.5785, 
[ 21300,  0.0003315]     0.7853,     0.9192,     0.9419,     2.4388, 
[ 21400,  0.0003310]     0.7902,     0.9203,     0.9430,     2.2945, 
[ 21500,  0.0003306]     0.7690,     0.9101,     0.9344,     2.6575, 
[ 21600,  0.0003302]     0.7881,     0.9198,     0.9426,     2.3734, 
[ 21700,  0.0003298]     0.7856,     0.9180,     0.9418,     2.2120, 
[ 21800,  0.0003294]     0.7858,     0.9189,     0.9417,     2.5420, 
[ 21900,  0.0003289]     0.7914,     0.9214,     0.9438,     2.4392, 
[ 22000,  0.0003285]     0.7838,     0.9183,     0.9414,     2.4634, 
[ 22100,  0.0003281]     0.7801,     0.9162,     0.9391,     2.4528, 
[ 22200,  0.0003277]     0.7881,     0.9206,     0.9436,     2.3300, 
[ 22300,  0.0003273]     0.7812,     0.9196,     0.9434,     2.2968, 
[ 22400,  0.0003268]     0.7994,     0.9249,     0.9467,     2.0043, 
[ 22500,  0.0003264]     0.7909,     0.9227,     0.9448,     2.4330, 
[ 22600,  0.0003260]     0.7813,     0.9171,     0.9407,     2.3573, 
[ 22700,  0.0003256]     0.7862,     0.9187,     0.9413,     2.3287, 
[ 22800,  0.0003251]     0.7837,     0.9155,     0.9395,     2.5942, 
[ 22900,  0.0003247]     0.7931,     0.9253,     0.9478,     2.2248, 
[ 23000,  0.0003243]     0.7930,     0.9235,     0.9461,     2.2666, 
[ 23100,  0.0003239]     0.7838,     0.9171,     0.9409,     2.4502, 
[ 23200,  0.0003235]     0.7979,     0.9257,     0.9472,     1.9926, 
[ 23300,  0.0003230]     0.7871,     0.9221,     0.9447,     2.2093, 
[ 23400,  0.0003226]     0.7928,     0.9227,     0.9449,     2.2340, 
[ 23500,  0.0003222]     0.7928,     0.9218,     0.9443,     2.4573, 
[ 23600,  0.0003218]     0.8016,     0.9258,     0.9471,     2.1248, 
[ 23700,  0.0003214]     0.7971,     0.9258,     0.9470,     2.1236, 
[ 23800,  0.0003209]     0.7918,     0.9232,     0.9455,     2.4443, 
[ 23900,  0.0003205]     0.7868,     0.9213,     0.9439,     2.3375, 
[ 24000,  0.0003201]     0.7860,     0.9197,     0.9427,     2.2674, 
[ 24100,  0.0003197]     0.7930,     0.9231,     0.9465,     2.1735, 
[ 24200,  0.0003193]     0.7974,     0.9237,     0.9457,     2.1005, 
[ 24300,  0.0003188]     0.7912,     0.9236,     0.9459,     2.2031, 
[ 24400,  0.0003184]     0.8080,     0.9297,     0.9501,     2.0096, 
[ 24500,  0.0003180]     0.7898,     0.9233,     0.9447,     2.3896, 
[ 24600,  0.0003176]     0.7939,     0.9244,     0.9463,     2.2081, 
[ 24700,  0.0003172]     0.7885,     0.9212,     0.9440,     2.3412, 
[ 24800,  0.0003167]     0.7899,     0.9234,     0.9457,     2.2002, 
[ 24900,  0.0003163]     0.7907,     0.9233,     0.9450,     2.1836, 
[ 25000,  0.0003159]     0.7889,     0.9200,     0.9432,     2.4679, 
Validation Chairs EPE: 1.356982
[ 25100,  0.0003155]     0.7852,     0.9216,     0.9451,     2.3449, 
[ 25200,  0.0003151]     0.7971,     0.9263,     0.9474,     2.2892, 
[ 25300,  0.0003146]     0.7885,     0.9196,     0.9418,     2.3678, 
[ 25400,  0.0003142]     0.7947,     0.9260,     0.9472,     2.1140, 
[ 25500,  0.0003138]     0.7927,     0.9239,     0.9458,     2.3105, 
[ 25600,  0.0003134]     0.7981,     0.9282,     0.9499,     2.1683, 
[ 25700,  0.0003130]     0.7933,     0.9222,     0.9440,     2.4127, 
[ 25800,  0.0003125]     0.7938,     0.9227,     0.9444,     2.3374, 
[ 25900,  0.0003121]     0.7936,     0.9240,     0.9457,     2.2517, 
[ 26000,  0.0003117]     0.8043,     0.9300,     0.9507,     1.9949, 
[ 26100,  0.0003113]     0.8051,     0.9292,     0.9503,     2.2181, 
[ 26200,  0.0003108]     0.8055,     0.9282,     0.9487,     2.3039, 
[ 26300,  0.0003104]     0.7891,     0.9212,     0.9438,     2.5442, 
[ 26400,  0.0003100]     0.7999,     0.9266,     0.9467,     2.2054, 
[ 26500,  0.0003096]     0.7993,     0.9241,     0.9457,     2.6132, 
[ 26600,  0.0003092]     0.7960,     0.9231,     0.9450,     2.2527, 
[ 26700,  0.0003087]     0.7992,     0.9268,     0.9479,     2.2354, 
[ 26800,  0.0003083]     0.7986,     0.9271,     0.9484,     2.1823, 
[ 26900,  0.0003079]     0.7942,     0.9244,     0.9455,     2.4445, 
[ 27000,  0.0003075]     0.7971,     0.9280,     0.9498,     2.0053, 
[ 27100,  0.0003071]     0.7922,     0.9246,     0.9468,     2.1525, 
[ 27200,  0.0003066]     0.7961,     0.9235,     0.9447,     2.3556, 
[ 27300,  0.0003062]     0.7976,     0.9262,     0.9472,     2.3520, 
[ 27400,  0.0003058]     0.7963,     0.9264,     0.9476,     2.1690, 
[ 27500,  0.0003054]     0.8035,     0.9286,     0.9495,     1.9882, 
[ 27600,  0.0003050]     0.7885,     0.9234,     0.9452,     2.3956, 
[ 27700,  0.0003045]     0.8015,     0.9272,     0.9479,     2.1707, 
[ 27800,  0.0003041]     0.8056,     0.9311,     0.9520,     1.8872, 
[ 27900,  0.0003037]     0.7944,     0.9237,     0.9450,     2.4825, 
[ 28000,  0.0003033]     0.7987,     0.9276,     0.9487,     2.0830, 
[ 28100,  0.0003029]     0.7940,     0.9223,     0.9438,     2.5427, 
[ 28200,  0.0003024]     0.8039,     0.9272,     0.9483,     2.2127, 
[ 28300,  0.0003020]     0.8045,     0.9279,     0.9486,     2.2218, 
[ 28400,  0.0003016]     0.7958,     0.9269,     0.9483,     2.1308, 
[ 28500,  0.0003012]     0.7918,     0.9253,     0.9475,     2.1571, 
[ 28600,  0.0003008]     0.7996,     0.9258,     0.9469,     2.3738, 
[ 28700,  0.0003003]     0.8065,     0.9287,     0.9485,     2.2156, 
[ 28800,  0.0002999]     0.8018,     0.9280,     0.9486,     2.0921, 
[ 28900,  0.0002995]     0.8024,     0.9306,     0.9514,     1.8864, 
[ 29000,  0.0002991]     0.7992,     0.9270,     0.9480,     2.1849, 
[ 29100,  0.0002986]     0.8058,     0.9278,     0.9489,     2.2300, 
[ 29200,  0.0002982]     0.8046,     0.9306,     0.9510,     1.9333, 
[ 29300,  0.0002978]     0.7983,     0.9261,     0.9476,     2.1864, 
[ 29400,  0.0002974]     0.8043,     0.9284,     0.9485,     2.1271, 
[ 29500,  0.0002970]     0.7971,     0.9303,     0.9507,     2.0617, 
[ 29600,  0.0002965]     0.7977,     0.9260,     0.9466,     2.3260, 
[ 29700,  0.0002961]     0.7965,     0.9294,     0.9505,     1.9909, 
[ 29800,  0.0002957]     0.7940,     0.9285,     0.9495,     2.0640, 
[ 29900,  0.0002953]     0.8093,     0.9312,     0.9509,     2.0553, 
[ 30000,  0.0002949]     0.8007,     0.9295,     0.9503,     2.0287, 
Validation Chairs EPE: 1.314467
[ 30100,  0.0002944]     0.7986,     0.9288,     0.9502,     2.0777, 
[ 30200,  0.0002940]     0.8050,     0.9316,     0.9514,     2.1229, 
[ 30300,  0.0002936]     0.8034,     0.9265,     0.9471,     2.3444, 
[ 30400,  0.0002932]     0.8133,     0.9346,     0.9540,     1.8064, 
[ 30500,  0.0002928]     0.8019,     0.9275,     0.9476,     2.3906, 
[ 30600,  0.0002923]     0.7983,     0.9272,     0.9488,     2.3794, 
[ 30700,  0.0002919]     0.8069,     0.9305,     0.9506,     2.0133, 
[ 30800,  0.0002915]     0.8023,     0.9299,     0.9509,     1.9228, 
[ 30900,  0.0002911]     0.8101,     0.9303,     0.9504,     1.9851, 
[ 31000,  0.0002907]     0.8001,     0.9275,     0.9491,     2.1306, 
[ 31100,  0.0002902]     0.8096,     0.9333,     0.9533,     1.8277, 
[ 31200,  0.0002898]     0.8081,     0.9317,     0.9509,     1.9617, 
[ 31300,  0.0002894]     0.8104,     0.9324,     0.9524,     1.9092, 
[ 31400,  0.0002890]     0.8049,     0.9321,     0.9529,     1.8751, 
[ 31500,  0.0002886]     0.8123,     0.9332,     0.9531,     1.9211, 
[ 31600,  0.0002881]     0.8133,     0.9348,     0.9539,     1.8650, 
[ 31700,  0.0002877]     0.8057,     0.9285,     0.9487,     2.2019, 
[ 31800,  0.0002873]     0.8061,     0.9309,     0.9507,     2.1839, 
[ 31900,  0.0002869]     0.7924,     0.9255,     0.9463,     2.1681, 
[ 32000,  0.0002865]     0.8057,     0.9320,     0.9521,     2.0571, 
[ 32100,  0.0002860]     0.7974,     0.9253,     0.9462,     2.3960, 
[ 32200,  0.0002856]     0.8045,     0.9304,     0.9506,     2.0516, 
[ 32300,  0.0002852]     0.8053,     0.9303,     0.9507,     2.0225, 
[ 32400,  0.0002848]     0.7985,     0.9289,     0.9497,     2.1200, 
[ 32500,  0.0002843]     0.7945,     0.9256,     0.9479,     2.3834, 
[ 32600,  0.0002839]     0.8142,     0.9329,     0.9524,     2.1101, 
[ 32700,  0.0002835]     0.8069,     0.9329,     0.9527,     2.0117, 
[ 32800,  0.0002831]     0.8024,     0.9323,     0.9522,     2.1487, 
[ 32900,  0.0002827]     0.8090,     0.9312,     0.9516,     2.0200, 
[ 33000,  0.0002822]     0.8099,     0.9307,     0.9508,     2.0447, 
[ 33100,  0.0002818]     0.8154,     0.9343,     0.9532,     1.8530, 
[ 33200,  0.0002814]     0.7986,     0.9263,     0.9480,     2.0391, 
[ 33300,  0.0002810]     0.8083,     0.9330,     0.9533,     1.7784, 
[ 33400,  0.0002806]     0.8129,     0.9335,     0.9526,     2.0801, 
[ 33500,  0.0002801]     0.8143,     0.9355,     0.9545,     2.0587, 
[ 33600,  0.0002797]     0.7989,     0.9274,     0.9486,     1.9378, 
[ 33700,  0.0002793]     0.8110,     0.9353,     0.9539,     1.9217, 
[ 33800,  0.0002789]     0.8083,     0.9316,     0.9515,     2.0882, 
[ 33900,  0.0002785]     0.8171,     0.9356,     0.9545,     1.9526, 
[ 34000,  0.0002780]     0.8105,     0.9362,     0.9553,     1.8399, 
[ 34100,  0.0002776]     0.8085,     0.9317,     0.9511,     1.9756, 
[ 34200,  0.0002772]     0.8043,     0.9298,     0.9500,     2.0091, 
[ 34300,  0.0002768]     0.8019,     0.9291,     0.9493,     2.3472, 
[ 34400,  0.0002764]     0.8085,     0.9349,     0.9541,     1.9203, 
[ 34500,  0.0002759]     0.8119,     0.9301,     0.9511,     2.1325, 
[ 34600,  0.0002755]     0.8147,     0.9361,     0.9547,     2.0459, 
[ 34700,  0.0002751]     0.8150,     0.9345,     0.9534,     1.8887, 
[ 34800,  0.0002747]     0.7981,     0.9276,     0.9492,     2.1779, 
[ 34900,  0.0002743]     0.8123,     0.9341,     0.9533,     2.2280, 
[ 35000,  0.0002738]     0.8097,     0.9318,     0.9520,     1.9458, 
Validation Chairs EPE: 1.225394
[ 35100,  0.0002734]     0.8110,     0.9361,     0.9552,     1.8597, 
[ 35200,  0.0002730]     0.8095,     0.9336,     0.9534,     1.9244, 
[ 35300,  0.0002726]     0.8072,     0.9281,     0.9479,     2.1834, 
[ 35400,  0.0002721]     0.8107,     0.9322,     0.9516,     2.0001, 
[ 35500,  0.0002717]     0.8052,     0.9312,     0.9506,     2.1209, 
[ 35600,  0.0002713]     0.8124,     0.9357,     0.9544,     1.9634, 
[ 35700,  0.0002709]     0.8106,     0.9336,     0.9531,     2.0230, 
[ 35800,  0.0002705]     0.8103,     0.9342,     0.9531,     2.1016, 
[ 35900,  0.0002700]     0.8117,     0.9333,     0.9531,     2.1304, 
[ 36000,  0.0002696]     0.8064,     0.9326,     0.9521,     2.0962, 
[ 36100,  0.0002692]     0.8176,     0.9355,     0.9545,     1.8651, 
[ 36200,  0.0002688]     0.8021,     0.9344,     0.9539,     2.0123, 
[ 36300,  0.0002684]     0.8178,     0.9390,     0.9589,     1.7176, 
[ 36400,  0.0002679]     0.8216,     0.9351,     0.9540,     1.9004, 
[ 36500,  0.0002675]     0.8118,     0.9377,     0.9563,     1.8944, 
[ 36600,  0.0002671]     0.8099,     0.9338,     0.9535,     1.8844, 
[ 36700,  0.0002667]     0.8081,     0.9332,     0.9521,     2.1884, 
[ 36800,  0.0002663]     0.8110,     0.9344,     0.9533,     1.9749, 
[ 36900,  0.0002658]     0.8097,     0.9332,     0.9527,     1.9843, 
[ 37000,  0.0002654]     0.8153,     0.9352,     0.9537,     2.1271, 
[ 37100,  0.0002650]     0.8141,     0.9318,     0.9507,     2.1152, 
[ 37200,  0.0002646]     0.8076,     0.9352,     0.9546,     1.8815, 
[ 37300,  0.0002642]     0.8066,     0.9292,     0.9499,     2.0864, 
[ 37400,  0.0002637]     0.8148,     0.9353,     0.9541,     1.8592, 
[ 37500,  0.0002633]     0.8156,     0.9339,     0.9523,     2.0753, 
[ 37600,  0.0002629]     0.8120,     0.9328,     0.9521,     2.0456, 
[ 37700,  0.0002625]     0.8150,     0.9376,     0.9563,     1.7463, 
[ 37800,  0.0002621]     0.8144,     0.9385,     0.9571,     1.7582, 
[ 37900,  0.0002616]     0.8138,     0.9385,     0.9562,     1.8389, 
[ 38000,  0.0002612]     0.8180,     0.9363,     0.9547,     2.0130, 
[ 38100,  0.0002608]     0.8145,     0.9386,     0.9566,     1.8992, 
[ 38200,  0.0002604]     0.8106,     0.9332,     0.9525,     2.1432, 
[ 38300,  0.0002600]     0.8172,     0.9373,     0.9551,     1.7749, 
[ 38400,  0.0002595]     0.8101,     0.9339,     0.9528,     2.1966, 
[ 38500,  0.0002591]     0.8079,     0.9338,     0.9537,     1.8593, 
[ 38600,  0.0002587]     0.8171,     0.9357,     0.9545,     2.1005, 
[ 38700,  0.0002583]     0.8117,     0.9323,     0.9521,     1.9821, 
[ 38800,  0.0002578]     0.8115,     0.9358,     0.9539,     1.9003, 
[ 38900,  0.0002574]     0.8127,     0.9356,     0.9539,     1.9579, 
[ 39000,  0.0002570]     0.8198,     0.9379,     0.9559,     1.8571, 
[ 39100,  0.0002566]     0.8146,     0.9358,     0.9551,     1.8948, 
[ 39200,  0.0002562]     0.8166,     0.9374,     0.9562,     1.8382, 
[ 39300,  0.0002557]     0.8091,     0.9335,     0.9522,     1.9266, 
[ 39400,  0.0002553]     0.8173,     0.9375,     0.9559,     1.7185, 
[ 39500,  0.0002549]     0.8184,     0.9371,     0.9554,     2.0539, 
[ 39600,  0.0002545]     0.8163,     0.9379,     0.9559,     1.9361, 
[ 39700,  0.0002541]     0.8191,     0.9386,     0.9565,     1.7761, 
[ 39800,  0.0002536]     0.8175,     0.9381,     0.9564,     1.9174, 
[ 39900,  0.0002532]     0.8260,     0.9397,     0.9572,     1.8472, 
[ 40000,  0.0002528]     0.8203,     0.9405,     0.9584,     1.6421, 
Validation Chairs EPE: 1.123012
[ 40100,  0.0002524]     0.8192,     0.9388,     0.9569,     1.7352, 
[ 40200,  0.0002520]     0.8149,     0.9380,     0.9554,     2.0213, 
[ 40300,  0.0002515]     0.8111,     0.9350,     0.9536,     2.0091, 
[ 40400,  0.0002511]     0.8186,     0.9369,     0.9552,     1.8503, 
[ 40500,  0.0002507]     0.8143,     0.9368,     0.9556,     1.9871, 
[ 40600,  0.0002503]     0.8151,     0.9354,     0.9539,     2.0514, 
[ 40700,  0.0002499]     0.8128,     0.9373,     0.9553,     1.8340, 
[ 40800,  0.0002494]     0.8210,     0.9383,     0.9561,     1.8488, 
[ 40900,  0.0002490]     0.8197,     0.9365,     0.9543,     1.9886, 
[ 41000,  0.0002486]     0.8128,     0.9356,     0.9548,     1.8361, 
[ 41100,  0.0002482]     0.8188,     0.9375,     0.9558,     1.8459, 
[ 41200,  0.0002478]     0.8157,     0.9357,     0.9543,     1.8332, 
[ 41300,  0.0002473]     0.8288,     0.9436,     0.9603,     1.6606, 
[ 41400,  0.0002469]     0.8216,     0.9407,     0.9581,     1.7489, 
[ 41500,  0.0002465]     0.8190,     0.9400,     0.9576,     1.8189, 
[ 41600,  0.0002461]     0.8131,     0.9341,     0.9521,     2.1140, 
[ 41700,  0.0002456]     0.8166,     0.9402,     0.9581,     1.8017, 
[ 41800,  0.0002452]     0.8156,     0.9355,     0.9543,     2.1221, 
[ 41900,  0.0002448]     0.8258,     0.9411,     0.9585,     1.6684, 
[ 42000,  0.0002444]     0.8304,     0.9427,     0.9601,     1.5088, 
[ 42100,  0.0002440]     0.8205,     0.9396,     0.9572,     1.6945, 
[ 42200,  0.0002435]     0.8131,     0.9348,     0.9535,     1.8823, 
[ 42300,  0.0002431]     0.8145,     0.9346,     0.9529,     1.9568, 
[ 42400,  0.0002427]     0.8215,     0.9391,     0.9568,     1.9351, 
[ 42500,  0.0002423]     0.8226,     0.9423,     0.9591,     1.6452, 
[ 42600,  0.0002419]     0.8269,     0.9425,     0.9595,     1.7298, 
[ 42700,  0.0002414]     0.8082,     0.9350,     0.9543,     1.8212, 
[ 42800,  0.0002410]     0.8164,     0.9391,     0.9584,     1.6684, 
[ 42900,  0.0002406]     0.8218,     0.9415,     0.9581,     1.8307, 
[ 43000,  0.0002402]     0.8178,     0.9383,     0.9562,     1.8714, 
[ 43100,  0.0002398]     0.8151,     0.9365,     0.9542,     2.1028, 
[ 43200,  0.0002393]     0.8204,     0.9377,     0.9553,     1.9367, 
[ 43300,  0.0002389]     0.8253,     0.9404,     0.9574,     1.6636, 
[ 43400,  0.0002385]     0.8163,     0.9369,     0.9553,     1.8461, 
[ 43500,  0.0002381]     0.8202,     0.9385,     0.9564,     2.0238, 
[ 43600,  0.0002377]     0.8246,     0.9418,     0.9597,     1.6614, 
[ 43700,  0.0002372]     0.8308,     0.9414,     0.9583,     1.7908, 
[ 43800,  0.0002368]     0.8191,     0.9371,     0.9549,     1.7836, 
[ 43900,  0.0002364]     0.8332,     0.9454,     0.9618,     1.6883, 
[ 44000,  0.0002360]     0.8220,     0.9384,     0.9568,     1.9912, 
[ 44100,  0.0002356]     0.8274,     0.9396,     0.9569,     1.8101, 
[ 44200,  0.0002351]     0.8217,     0.9391,     0.9562,     1.8736, 
[ 44300,  0.0002347]     0.8179,     0.9393,     0.9572,     1.7457, 
[ 44400,  0.0002343]     0.8235,     0.9401,     0.9570,     1.8036, 
[ 44500,  0.0002339]     0.8166,     0.9370,     0.9548,     1.8575, 
[ 44600,  0.0002335]     0.8304,     0.9424,     0.9589,     1.7605, 
[ 44700,  0.0002330]     0.8272,     0.9420,     0.9590,     1.6246, 
[ 44800,  0.0002326]     0.8197,     0.9377,     0.9559,     2.0395, 
[ 44900,  0.0002322]     0.8214,     0.9415,     0.9598,     1.7034, 
[ 45000,  0.0002318]     0.8171,     0.9359,     0.9538,     2.4594, 
Validation Chairs EPE: 1.127396
[ 45100,  0.0002313]     0.8264,     0.9418,     0.9581,     1.9087, 
[ 45200,  0.0002309]     0.8223,     0.9404,     0.9581,     1.7063, 
[ 45300,  0.0002305]     0.8214,     0.9386,     0.9553,     1.9801, 
[ 45400,  0.0002301]     0.8247,     0.9410,     0.9579,     2.0689, 
[ 45500,  0.0002297]     0.8168,     0.9375,     0.9555,     1.8342, 
[ 45600,  0.0002292]     0.8233,     0.9407,     0.9581,     1.7953, 
[ 45700,  0.0002288]     0.8210,     0.9404,     0.9585,     1.7978, 
[ 45800,  0.0002284]     0.8173,     0.9356,     0.9532,     2.0666, 
[ 45900,  0.0002280]     0.8251,     0.9408,     0.9580,     1.7668, 
[ 46000,  0.0002276]     0.8291,     0.9444,     0.9613,     1.7051, 
[ 46100,  0.0002271]     0.8241,     0.9391,     0.9568,     1.8136, 
[ 46200,  0.0002267]     0.8190,     0.9368,     0.9547,     1.9239, 
[ 46300,  0.0002263]     0.8224,     0.9404,     0.9588,     1.7032, 
[ 46400,  0.0002259]     0.8230,     0.9409,     0.9585,     1.5674, 
[ 46500,  0.0002255]     0.8311,     0.9428,     0.9595,     1.6806, 
[ 46600,  0.0002250]     0.8387,     0.9472,     0.9627,     1.5904, 
[ 46700,  0.0002246]     0.8196,     0.9391,     0.9562,     1.8214, 
[ 46800,  0.0002242]     0.8260,     0.9423,     0.9595,     1.8766, 
[ 46900,  0.0002238]     0.8289,     0.9434,     0.9606,     1.7080, 
[ 47000,  0.0002234]     0.8280,     0.9424,     0.9592,     1.7371, 
[ 47100,  0.0002229]     0.8154,     0.9384,     0.9565,     1.9673, 
[ 47200,  0.0002225]     0.8231,     0.9384,     0.9571,     1.7787, 
[ 47300,  0.0002221]     0.8230,     0.9407,     0.9581,     1.7638, 
[ 47400,  0.0002217]     0.8247,     0.9421,     0.9584,     1.7772, 
[ 47500,  0.0002213]     0.8228,     0.9388,     0.9567,     1.8175, 
[ 47600,  0.0002208]     0.8231,     0.9412,     0.9589,     1.7936, 
[ 47700,  0.0002204]     0.8262,     0.9427,     0.9594,     1.7927, 
[ 47800,  0.0002200]     0.8146,     0.9389,     0.9571,     1.7561, 
[ 47900,  0.0002196]     0.8261,     0.9430,     0.9593,     1.8362, 
[ 48000,  0.0002191]     0.8202,     0.9391,     0.9567,     1.8255, 
[ 48100,  0.0002187]     0.8364,     0.9446,     0.9602,     1.6983, 
[ 48200,  0.0002183]     0.8259,     0.9419,     0.9587,     1.6618, 
[ 48300,  0.0002179]     0.8289,     0.9449,     0.9616,     1.6645, 
[ 48400,  0.0002175]     0.8315,     0.9447,     0.9606,     1.7086, 
[ 48500,  0.0002170]     0.8272,     0.9424,     0.9589,     1.7826, 
[ 48600,  0.0002166]     0.8266,     0.9403,     0.9568,     1.7524, 
[ 48700,  0.0002162]     0.8187,     0.9367,     0.9542,     2.0831, 
[ 48800,  0.0002158]     0.8366,     0.9464,     0.9623,     1.5105, 
[ 48900,  0.0002154]     0.8273,     0.9424,     0.9595,     1.6540, 
[ 49000,  0.0002149]     0.8157,     0.9400,     0.9572,     1.7976, 
[ 49100,  0.0002145]     0.8308,     0.9431,     0.9597,     1.6587, 
[ 49200,  0.0002141]     0.8270,     0.9441,     0.9609,     1.5703, 
[ 49300,  0.0002137]     0.8290,     0.9449,     0.9612,     1.6883, 
[ 49400,  0.0002133]     0.8309,     0.9434,     0.9601,     1.7957, 
[ 49500,  0.0002128]     0.8256,     0.9409,     0.9576,     1.9000, 
[ 49600,  0.0002124]     0.8280,     0.9441,     0.9605,     1.6721, 
[ 49700,  0.0002120]     0.8234,     0.9421,     0.9596,     1.6598, 
[ 49800,  0.0002116]     0.8253,     0.9432,     0.9597,     1.6954, 
[ 49900,  0.0002112]     0.8265,     0.9441,     0.9603,     1.6338, 
[ 50000,  0.0002107]     0.8316,     0.9442,     0.9603,     1.6845, 
Validation Chairs EPE: 1.056333
[ 50100,  0.0002103]     0.8312,     0.9449,     0.9610,     1.6955, 
[ 50200,  0.0002099]     0.8293,     0.9417,     0.9584,     1.7322, 
[ 50300,  0.0002095]     0.8313,     0.9438,     0.9601,     1.6793, 
[ 50400,  0.0002091]     0.8250,     0.9406,     0.9566,     1.8984, 
[ 50500,  0.0002086]     0.8375,     0.9460,     0.9614,     1.7675, 
[ 50600,  0.0002082]     0.8301,     0.9434,     0.9594,     1.6333, 
[ 50700,  0.0002078]     0.8286,     0.9452,     0.9610,     1.5992, 
[ 50800,  0.0002074]     0.8324,     0.9429,     0.9590,     1.8028, 
[ 50900,  0.0002070]     0.8317,     0.9427,     0.9589,     1.7721, 
[ 51000,  0.0002065]     0.8301,     0.9421,     0.9589,     1.7447, 
[ 51100,  0.0002061]     0.8261,     0.9432,     0.9596,     1.6960, 
[ 51200,  0.0002057]     0.8269,     0.9435,     0.9597,     1.7142, 
[ 51300,  0.0002053]     0.8250,     0.9394,     0.9560,     1.9494, 
[ 51400,  0.0002048]     0.8216,     0.9393,     0.9566,     1.8509, 
[ 51500,  0.0002044]     0.8295,     0.9430,     0.9591,     1.8278, 
[ 51600,  0.0002040]     0.8266,     0.9434,     0.9600,     1.6737, 
[ 51700,  0.0002036]     0.8245,     0.9429,     0.9597,     1.5785, 
[ 51800,  0.0002032]     0.8320,     0.9440,     0.9595,     1.9544, 
[ 51900,  0.0002027]     0.8299,     0.9438,     0.9601,     1.6780, 
[ 52000,  0.0002023]     0.8323,     0.9470,     0.9625,     1.5764, 
[ 52100,  0.0002019]     0.8332,     0.9445,     0.9602,     1.6867, 
[ 52200,  0.0002015]     0.8299,     0.9432,     0.9587,     1.9579, 
[ 52300,  0.0002011]     0.8275,     0.9429,     0.9599,     1.8220, 
[ 52400,  0.0002006]     0.8275,     0.9451,     0.9611,     1.6637, 
[ 52500,  0.0002002]     0.8350,     0.9463,     0.9625,     1.6791, 
[ 52600,  0.0001998]     0.8265,     0.9421,     0.9599,     1.7682, 
[ 52700,  0.0001994]     0.8327,     0.9456,     0.9616,     1.7192, 
[ 52800,  0.0001990]     0.8336,     0.9475,     0.9632,     1.5238, 
[ 52900,  0.0001985]     0.8272,     0.9458,     0.9621,     1.5139, 
[ 53000,  0.0001981]     0.8270,     0.9442,     0.9597,     1.6525, 
[ 53100,  0.0001977]     0.8280,     0.9460,     0.9618,     1.6214, 
[ 53200,  0.0001973]     0.8349,     0.9462,     0.9620,     1.6714, 
[ 53300,  0.0001969]     0.8247,     0.9411,     0.9584,     1.5890, 
[ 53400,  0.0001964]     0.8331,     0.9463,     0.9618,     1.5975, 
[ 53500,  0.0001960]     0.8356,     0.9447,     0.9606,     1.6219, 
[ 53600,  0.0001956]     0.8299,     0.9445,     0.9611,     1.5497, 
[ 53700,  0.0001952]     0.8297,     0.9447,     0.9604,     1.7206, 
[ 53800,  0.0001948]     0.8272,     0.9447,     0.9612,     1.7470, 
[ 53900,  0.0001943]     0.8328,     0.9454,     0.9621,     1.5253, 
[ 54000,  0.0001939]     0.8264,     0.9448,     0.9610,     1.6182, 
[ 54100,  0.0001935]     0.8289,     0.9454,     0.9617,     1.7567, 
[ 54200,  0.0001931]     0.8264,     0.9405,     0.9584,     1.8785, 
[ 54300,  0.0001927]     0.8362,     0.9466,     0.9620,     1.6233, 
[ 54400,  0.0001922]     0.8274,     0.9423,     0.9586,     1.9721, 
[ 54500,  0.0001918]     0.8266,     0.9428,     0.9594,     1.8071, 
[ 54600,  0.0001914]     0.8277,     0.9451,     0.9617,     1.6150, 
[ 54700,  0.0001910]     0.8417,     0.9478,     0.9633,     1.5158, 
[ 54800,  0.0001905]     0.8358,     0.9471,     0.9622,     1.5657, 
[ 54900,  0.0001901]     0.8290,     0.9438,     0.9594,     1.7570, 
[ 55000,  0.0001897]     0.8344,     0.9444,     0.9598,     1.7165, 
Validation Chairs EPE: 1.022995
[ 55100,  0.0001893]     0.8380,     0.9479,     0.9633,     1.5180, 
[ 55200,  0.0001889]     0.8393,     0.9476,     0.9630,     1.5866, 
[ 55300,  0.0001884]     0.8363,     0.9452,     0.9611,     1.7954, 
[ 55400,  0.0001880]     0.8336,     0.9450,     0.9608,     1.7462, 
[ 55500,  0.0001876]     0.8285,     0.9437,     0.9604,     1.5635, 
[ 55600,  0.0001872]     0.8323,     0.9453,     0.9609,     1.6207, 
[ 55700,  0.0001868]     0.8284,     0.9413,     0.9576,     1.7865, 
[ 55800,  0.0001863]     0.8335,     0.9446,     0.9602,     1.8364, 
[ 55900,  0.0001859]     0.8346,     0.9465,     0.9620,     1.5999, 
[ 56000,  0.0001855]     0.8296,     0.9434,     0.9598,     1.6841, 
[ 56100,  0.0001851]     0.8355,     0.9459,     0.9621,     1.5381, 
[ 56200,  0.0001847]     0.8310,     0.9406,     0.9567,     1.9826, 
[ 56300,  0.0001842]     0.8260,     0.9445,     0.9606,     1.6879, 
[ 56400,  0.0001838]     0.8363,     0.9448,     0.9606,     1.6571, 
[ 56500,  0.0001834]     0.8319,     0.9452,     0.9605,     1.7225, 
[ 56600,  0.0001830]     0.8328,     0.9459,     0.9619,     1.6132, 
[ 56700,  0.0001826]     0.8372,     0.9477,     0.9630,     1.6626, 
[ 56800,  0.0001821]     0.8367,     0.9469,     0.9621,     1.6845, 
[ 56900,  0.0001817]     0.8324,     0.9445,     0.9601,     1.6233, 
[ 57000,  0.0001813]     0.8315,     0.9431,     0.9589,     1.7302, 
[ 57100,  0.0001809]     0.8368,     0.9463,     0.9613,     1.7361, 
[ 57200,  0.0001805]     0.8330,     0.9465,     0.9626,     1.6113, 
[ 57300,  0.0001800]     0.8285,     0.9446,     0.9596,     1.8770, 
[ 57400,  0.0001796]     0.8367,     0.9498,     0.9644,     1.5571, 
[ 57500,  0.0001792]     0.8452,     0.9489,     0.9634,     1.5790, 
[ 57600,  0.0001788]     0.8419,     0.9480,     0.9632,     1.4921, 
[ 57700,  0.0001783]     0.8398,     0.9487,     0.9635,     1.5442, 
[ 57800,  0.0001779]     0.8381,     0.9487,     0.9635,     1.5908, 
[ 57900,  0.0001775]     0.8432,     0.9501,     0.9642,     1.5874, 
[ 58000,  0.0001771]     0.8367,     0.9474,     0.9625,     1.6138, 
[ 58100,  0.0001767]     0.8318,     0.9468,     0.9627,     1.5860, 
[ 58200,  0.0001762]     0.8318,     0.9457,     0.9603,     1.7001, 
[ 58300,  0.0001758]     0.8328,     0.9481,     0.9633,     1.6319, 
[ 58400,  0.0001754]     0.8370,     0.9450,     0.9599,     1.7643, 
[ 58500,  0.0001750]     0.8337,     0.9472,     0.9625,     1.6367, 
[ 58600,  0.0001746]     0.8372,     0.9442,     0.9592,     1.7635, 
[ 58700,  0.0001741]     0.8373,     0.9487,     0.9636,     1.6941, 
[ 58800,  0.0001737]     0.8334,     0.9462,     0.9621,     1.5637, 
[ 58900,  0.0001733]     0.8381,     0.9503,     0.9657,     1.4585, 
[ 59000,  0.0001729]     0.8250,     0.9432,     0.9591,     1.6406, 
[ 59100,  0.0001725]     0.8374,     0.9454,     0.9604,     1.5896, 
[ 59200,  0.0001720]     0.8353,     0.9461,     0.9609,     1.5665, 
[ 59300,  0.0001716]     0.8362,     0.9461,     0.9612,     1.7636, 
[ 59400,  0.0001712]     0.8374,     0.9495,     0.9638,     1.4793, 
[ 59500,  0.0001708]     0.8385,     0.9466,     0.9615,     1.7122, 
[ 59600,  0.0001704]     0.8374,     0.9471,     0.9623,     1.6210, 
[ 59700,  0.0001699]     0.8338,     0.9445,     0.9608,     1.6323, 
[ 59800,  0.0001695]     0.8454,     0.9484,     0.9623,     1.8058, 
[ 59900,  0.0001691]     0.8387,     0.9496,     0.9639,     1.5841, 
[ 60000,  0.0001687]     0.8346,     0.9482,     0.9628,     1.6133, 
Validation Chairs EPE: 1.009272
[ 60100,  0.0001683]     0.8387,     0.9479,     0.9632,     1.5705, 
[ 60200,  0.0001678]     0.8316,     0.9461,     0.9620,     1.5928, 
[ 60300,  0.0001674]     0.8346,     0.9465,     0.9623,     1.5403, 
[ 60400,  0.0001670]     0.8395,     0.9464,     0.9614,     1.7058, 
[ 60500,  0.0001666]     0.8424,     0.9502,     0.9649,     1.5850, 
[ 60600,  0.0001662]     0.8380,     0.9466,     0.9621,     1.6055, 
[ 60700,  0.0001657]     0.8339,     0.9440,     0.9593,     1.6711, 
[ 60800,  0.0001653]     0.8358,     0.9474,     0.9633,     1.4247, 
[ 60900,  0.0001649]     0.8376,     0.9483,     0.9642,     1.4816, 
[ 61000,  0.0001645]     0.8399,     0.9494,     0.9650,     1.4618, 
[ 61100,  0.0001640]     0.8406,     0.9472,     0.9624,     1.6732, 
[ 61200,  0.0001636]     0.8379,     0.9485,     0.9640,     1.5836, 
[ 61300,  0.0001632]     0.8339,     0.9468,     0.9615,     1.7745, 
[ 61400,  0.0001628]     0.8406,     0.9483,     0.9626,     1.5465, 
[ 61500,  0.0001624]     0.8419,     0.9496,     0.9637,     1.4998, 
[ 61600,  0.0001619]     0.8436,     0.9496,     0.9638,     1.4922, 
[ 61700,  0.0001615]     0.8430,     0.9506,     0.9651,     1.5245, 
[ 61800,  0.0001611]     0.8430,     0.9494,     0.9639,     1.6913, 
[ 61900,  0.0001607]     0.8416,     0.9483,     0.9629,     1.6227, 
[ 62000,  0.0001603]     0.8457,     0.9534,     0.9677,     1.3736, 
[ 62100,  0.0001598]     0.8304,     0.9453,     0.9609,     1.8988, 
[ 62200,  0.0001594]     0.8401,     0.9467,     0.9619,     1.6656, 
[ 62300,  0.0001590]     0.8346,     0.9472,     0.9620,     1.6024, 
[ 62400,  0.0001586]     0.8354,     0.9468,     0.9624,     1.5246, 
[ 62500,  0.0001582]     0.8342,     0.9461,     0.9611,     1.7876, 
[ 62600,  0.0001577]     0.8421,     0.9474,     0.9613,     1.6918, 
[ 62700,  0.0001573]     0.8353,     0.9468,     0.9619,     1.5762, 
[ 62800,  0.0001569]     0.8305,     0.9470,     0.9626,     1.6364, 
[ 62900,  0.0001565]     0.8381,     0.9486,     0.9636,     1.5842, 
[ 63000,  0.0001561]     0.8415,     0.9496,     0.9642,     1.5801, 
[ 63100,  0.0001556]     0.8365,     0.9468,     0.9621,     1.5151, 
[ 63200,  0.0001552]     0.8349,     0.9489,     0.9639,     1.5467, 
[ 63300,  0.0001548]     0.8376,     0.9460,     0.9606,     1.5660, 
[ 63400,  0.0001544]     0.8441,     0.9514,     0.9655,     1.4017, 
[ 63500,  0.0001540]     0.8482,     0.9505,     0.9652,     1.4286, 
[ 63600,  0.0001535]     0.8411,     0.9502,     0.9652,     1.4162, 
[ 63700,  0.0001531]     0.8384,     0.9463,     0.9616,     1.6942, 
[ 63800,  0.0001527]     0.8463,     0.9499,     0.9644,     1.5648, 
[ 63900,  0.0001523]     0.8438,     0.9484,     0.9633,     1.5903, 
[ 64000,  0.0001518]     0.8408,     0.9483,     0.9632,     1.6930, 
[ 64100,  0.0001514]     0.8405,     0.9504,     0.9644,     1.5577, 
[ 64200,  0.0001510]     0.8477,     0.9501,     0.9643,     1.6023, 
[ 64300,  0.0001506]     0.8475,     0.9527,     0.9659,     1.4444, 
[ 64400,  0.0001502]     0.8331,     0.9452,     0.9607,     1.7393, 
[ 64500,  0.0001497]     0.8412,     0.9497,     0.9642,     1.7633, 
[ 64600,  0.0001493]     0.8436,     0.9504,     0.9642,     1.5409, 
[ 64700,  0.0001489]     0.8453,     0.9489,     0.9633,     1.6181, 
[ 64800,  0.0001485]     0.8398,     0.9485,     0.9630,     1.6221, 
[ 64900,  0.0001481]     0.8438,     0.9522,     0.9665,     1.3489, 
[ 65000,  0.0001476]     0.8373,     0.9476,     0.9623,     1.6349, 
Validation Chairs EPE: 0.971921
[ 65100,  0.0001472]     0.8311,     0.9451,     0.9611,     1.7579, 
[ 65200,  0.0001468]     0.8359,     0.9482,     0.9634,     1.5209, 
[ 65300,  0.0001464]     0.8441,     0.9485,     0.9625,     1.6219, 
[ 65400,  0.0001460]     0.8331,     0.9463,     0.9615,     1.6932, 
[ 65500,  0.0001455]     0.8385,     0.9482,     0.9628,     1.4242, 
[ 65600,  0.0001451]     0.8374,     0.9490,     0.9638,     1.6293, 
[ 65700,  0.0001447]     0.8409,     0.9464,     0.9608,     1.6283, 
[ 65800,  0.0001443]     0.8453,     0.9501,     0.9642,     1.4948, 
[ 65900,  0.0001439]     0.8405,     0.9489,     0.9636,     1.4900, 
[ 66000,  0.0001434]     0.8407,     0.9476,     0.9627,     1.5388, 
[ 66100,  0.0001430]     0.8471,     0.9524,     0.9661,     1.4607, 
[ 66200,  0.0001426]     0.8457,     0.9502,     0.9645,     1.5304, 
[ 66300,  0.0001422]     0.8479,     0.9542,     0.9676,     1.4224, 
[ 66400,  0.0001418]     0.8409,     0.9490,     0.9630,     1.6169, 
[ 66500,  0.0001413]     0.8380,     0.9499,     0.9648,     1.4705, 
[ 66600,  0.0001409]     0.8413,     0.9489,     0.9633,     1.6206, 
[ 66700,  0.0001405]     0.8476,     0.9513,     0.9648,     1.6284, 
[ 66800,  0.0001401]     0.8363,     0.9478,     0.9633,     1.5980, 
[ 66900,  0.0001397]     0.8449,     0.9516,     0.9660,     1.3627, 
[ 67000,  0.0001392]     0.8478,     0.9532,     0.9674,     1.4611, 
[ 67100,  0.0001388]     0.8453,     0.9521,     0.9658,     1.7451, 
[ 67200,  0.0001384]     0.8401,     0.9503,     0.9655,     1.4090, 
[ 67300,  0.0001380]     0.8477,     0.9530,     0.9671,     1.3402, 
[ 67400,  0.0001375]     0.8430,     0.9492,     0.9632,     1.5347, 
[ 67500,  0.0001371]     0.8465,     0.9515,     0.9652,     1.4580, 
[ 67600,  0.0001367]     0.8410,     0.9501,     0.9641,     1.5495, 
[ 67700,  0.0001363]     0.8437,     0.9495,     0.9642,     1.4885, 
[ 67800,  0.0001359]     0.8433,     0.9493,     0.9634,     1.5614, 
[ 67900,  0.0001354]     0.8442,     0.9497,     0.9638,     1.6158, 
[ 68000,  0.0001350]     0.8440,     0.9486,     0.9639,     1.4733, 
[ 68100,  0.0001346]     0.8485,     0.9521,     0.9659,     1.5658, 
[ 68200,  0.0001342]     0.8409,     0.9496,     0.9644,     1.6017, 
[ 68300,  0.0001338]     0.8464,     0.9512,     0.9648,     1.4245, 
[ 68400,  0.0001333]     0.8418,     0.9512,     0.9648,     1.4869, 
[ 68500,  0.0001329]     0.8481,     0.9532,     0.9670,     1.3173, 
[ 68600,  0.0001325]     0.8471,     0.9522,     0.9655,     1.4224, 
[ 68700,  0.0001321]     0.8379,     0.9477,     0.9631,     1.5906, 
[ 68800,  0.0001317]     0.8442,     0.9500,     0.9640,     1.6764, 
[ 68900,  0.0001312]     0.8495,     0.9522,     0.9655,     1.5083, 
[ 69000,  0.0001308]     0.8440,     0.9520,     0.9662,     1.3896, 
[ 69100,  0.0001304]     0.8366,     0.9485,     0.9630,     1.4722, 
[ 69200,  0.0001300]     0.8492,     0.9512,     0.9653,     1.4445, 
[ 69300,  0.0001296]     0.8471,     0.9542,     0.9676,     1.3334, 
[ 69400,  0.0001291]     0.8420,     0.9489,     0.9628,     1.4395, 
[ 69500,  0.0001287]     0.8412,     0.9505,     0.9650,     1.4992, 
[ 69600,  0.0001283]     0.8449,     0.9519,     0.9662,     1.4033, 
[ 69700,  0.0001279]     0.8380,     0.9487,     0.9635,     1.5256, 
[ 69800,  0.0001275]     0.8413,     0.9475,     0.9618,     1.6359, 
[ 69900,  0.0001270]     0.8405,     0.9498,     0.9643,     1.4885, 
[ 70000,  0.0001266]     0.8472,     0.9493,     0.9638,     1.5616, 
Validation Chairs EPE: 0.939179
[ 70100,  0.0001262]     0.8416,     0.9503,     0.9642,     1.5825, 
[ 70200,  0.0001258]     0.8489,     0.9500,     0.9636,     1.5773, 
[ 70300,  0.0001253]     0.8505,     0.9541,     0.9674,     1.3396, 
[ 70400,  0.0001249]     0.8416,     0.9494,     0.9645,     1.4502, 
[ 70500,  0.0001245]     0.8478,     0.9511,     0.9656,     1.4614, 
[ 70600,  0.0001241]     0.8503,     0.9512,     0.9650,     1.5053, 
[ 70700,  0.0001237]     0.8441,     0.9514,     0.9646,     1.5712, 
[ 70800,  0.0001232]     0.8412,     0.9486,     0.9634,     1.4791, 
[ 70900,  0.0001228]     0.8463,     0.9527,     0.9669,     1.3631, 
[ 71000,  0.0001224]     0.8526,     0.9552,     0.9686,     1.3781, 
[ 71100,  0.0001220]     0.8490,     0.9525,     0.9658,     1.4396, 
[ 71200,  0.0001216]     0.8484,     0.9531,     0.9668,     1.3737, 
[ 71300,  0.0001211]     0.8488,     0.9534,     0.9678,     1.3083, 
[ 71400,  0.0001207]     0.8430,     0.9510,     0.9653,     1.4400, 
[ 71500,  0.0001203]     0.8383,     0.9483,     0.9630,     1.5584, 
[ 71600,  0.0001199]     0.8440,     0.9509,     0.9645,     1.4840, 
[ 71700,  0.0001195]     0.8400,     0.9493,     0.9642,     1.4677, 
[ 71800,  0.0001190]     0.8470,     0.9527,     0.9669,     1.4168, 
[ 71900,  0.0001186]     0.8476,     0.9519,     0.9656,     1.4208, 
[ 72000,  0.0001182]     0.8463,     0.9520,     0.9664,     1.4194, 
[ 72100,  0.0001178]     0.8452,     0.9514,     0.9656,     1.4658, 
[ 72200,  0.0001174]     0.8460,     0.9513,     0.9644,     1.5481, 
[ 72300,  0.0001169]     0.8451,     0.9497,     0.9634,     1.6566, 
[ 72400,  0.0001165]     0.8518,     0.9530,     0.9659,     1.4498, 
[ 72500,  0.0001161]     0.8508,     0.9519,     0.9661,     1.4438, 
[ 72600,  0.0001157]     0.8471,     0.9512,     0.9646,     1.4235, 
[ 72700,  0.0001153]     0.8488,     0.9516,     0.9656,     1.4514, 
[ 72800,  0.0001148]     0.8452,     0.9519,     0.9651,     1.4044, 
[ 72900,  0.0001144]     0.8464,     0.9512,     0.9644,     1.7058, 
[ 73000,  0.0001140]     0.8513,     0.9539,     0.9677,     1.3369, 
[ 73100,  0.0001136]     0.8485,     0.9524,     0.9659,     1.5548, 
[ 73200,  0.0001132]     0.8465,     0.9512,     0.9647,     1.3903, 
[ 73300,  0.0001127]     0.8504,     0.9526,     0.9656,     1.4966, 
[ 73400,  0.0001123]     0.8422,     0.9513,     0.9654,     1.5333, 
[ 73500,  0.0001119]     0.8386,     0.9502,     0.9643,     1.5485, 
[ 73600,  0.0001115]     0.8438,     0.9514,     0.9653,     1.4203, 
[ 73700,  0.0001110]     0.8462,     0.9528,     0.9658,     1.4335, 
[ 73800,  0.0001106]     0.8413,     0.9514,     0.9646,     1.5439, 
[ 73900,  0.0001102]     0.8471,     0.9527,     0.9662,     1.4840, 
[ 74000,  0.0001098]     0.8498,     0.9510,     0.9654,     1.6845, 
[ 74100,  0.0001094]     0.8372,     0.9477,     0.9622,     1.6571, 
[ 74200,  0.0001089]     0.8477,     0.9517,     0.9655,     1.5355, 
[ 74300,  0.0001085]     0.8504,     0.9521,     0.9657,     1.5209, 
[ 74400,  0.0001081]     0.8517,     0.9548,     0.9677,     1.3743, 
[ 74500,  0.0001077]     0.8516,     0.9520,     0.9654,     1.3910, 
[ 74600,  0.0001073]     0.8479,     0.9500,     0.9649,     1.4130, 
[ 74700,  0.0001068]     0.8475,     0.9513,     0.9652,     1.4679, 
[ 74800,  0.0001064]     0.8502,     0.9514,     0.9650,     1.5652, 
[ 74900,  0.0001060]     0.8540,     0.9543,     0.9674,     1.4423, 
[ 75000,  0.0001056]     0.8489,     0.9517,     0.9657,     1.5507, 
Validation Chairs EPE: 0.921940
[ 75100,  0.0001052]     0.8524,     0.9541,     0.9679,     1.3462, 
[ 75200,  0.0001047]     0.8527,     0.9552,     0.9685,     1.2998, 
[ 75300,  0.0001043]     0.8451,     0.9513,     0.9655,     1.4555, 
[ 75400,  0.0001039]     0.8583,     0.9559,     0.9686,     1.3095, 
[ 75500,  0.0001035]     0.8416,     0.9484,     0.9632,     1.5782, 
[ 75600,  0.0001031]     0.8458,     0.9503,     0.9644,     1.5341, 
[ 75700,  0.0001026]     0.8514,     0.9527,     0.9658,     1.4121, 
[ 75800,  0.0001022]     0.8527,     0.9561,     0.9687,     1.2612, 
[ 75900,  0.0001018]     0.8489,     0.9540,     0.9669,     1.4967, 
[ 76000,  0.0001014]     0.8442,     0.9500,     0.9637,     1.4933, 
[ 76100,  0.0001010]     0.8501,     0.9535,     0.9665,     1.4716, 
[ 76200,  0.0001005]     0.8468,     0.9514,     0.9648,     1.4447, 
[ 76300,  0.0001001]     0.8443,     0.9526,     0.9664,     1.3836, 
[ 76400,  0.0000997]     0.8495,     0.9511,     0.9643,     1.4218, 
[ 76500,  0.0000993]     0.8530,     0.9544,     0.9673,     1.3937, 
[ 76600,  0.0000988]     0.8433,     0.9497,     0.9637,     1.4962, 
[ 76700,  0.0000984]     0.8500,     0.9523,     0.9664,     1.3682, 
[ 76800,  0.0000980]     0.8466,     0.9519,     0.9650,     1.5632, 
[ 76900,  0.0000976]     0.8546,     0.9549,     0.9680,     1.3562, 
[ 77000,  0.0000972]     0.8491,     0.9519,     0.9650,     1.4376, 
[ 77100,  0.0000967]     0.8512,     0.9528,     0.9652,     1.5137, 
[ 77200,  0.0000963]     0.8534,     0.9541,     0.9676,     1.5593, 
[ 77300,  0.0000959]     0.8500,     0.9525,     0.9662,     1.4018, 
[ 77400,  0.0000955]     0.8570,     0.9539,     0.9677,     1.3725, 
[ 77500,  0.0000951]     0.8510,     0.9524,     0.9658,     1.4199, 
[ 77600,  0.0000946]     0.8498,     0.9536,     0.9669,     1.4405, 
[ 77700,  0.0000942]     0.8501,     0.9540,     0.9675,     1.3538, 
[ 77800,  0.0000938]     0.8490,     0.9528,     0.9661,     1.4438, 
[ 77900,  0.0000934]     0.8547,     0.9555,     0.9681,     1.5049, 
[ 78000,  0.0000930]     0.8508,     0.9549,     0.9683,     1.3265, 
[ 78100,  0.0000925]     0.8460,     0.9523,     0.9659,     1.4542, 
[ 78200,  0.0000921]     0.8484,     0.9522,     0.9660,     1.4416, 
[ 78300,  0.0000917]     0.8506,     0.9531,     0.9671,     1.3425, 
[ 78400,  0.0000913]     0.8483,     0.9519,     0.9653,     1.5392, 
[ 78500,  0.0000909]     0.8418,     0.9493,     0.9642,     1.4761, 
[ 78600,  0.0000904]     0.8515,     0.9539,     0.9671,     1.3178, 
[ 78700,  0.0000900]     0.8542,     0.9553,     0.9686,     1.3228, 
[ 78800,  0.0000896]     0.8487,     0.9518,     0.9666,     1.4363, 
[ 78900,  0.0000892]     0.8541,     0.9536,     0.9673,     1.4228, 
[ 79000,  0.0000888]     0.8497,     0.9531,     0.9662,     1.4321, 
[ 79100,  0.0000883]     0.8567,     0.9560,     0.9689,     1.3183, 
[ 79200,  0.0000879]     0.8522,     0.9542,     0.9672,     1.4636, 
[ 79300,  0.0000875]     0.8434,     0.9508,     0.9647,     1.5258, 
[ 79400,  0.0000871]     0.8468,     0.9516,     0.9643,     1.5511, 
[ 79500,  0.0000867]     0.8533,     0.9545,     0.9675,     1.3421, 
[ 79600,  0.0000862]     0.8472,     0.9506,     0.9638,     1.5939, 
[ 79700,  0.0000858]     0.8489,     0.9534,     0.9670,     1.3401, 
[ 79800,  0.0000854]     0.8521,     0.9536,     0.9676,     1.3826, 
[ 79900,  0.0000850]     0.8565,     0.9549,     0.9679,     1.3617, 
[ 80000,  0.0000845]     0.8452,     0.9508,     0.9648,     1.5246, 
Validation Chairs EPE: 0.895914
[ 80100,  0.0000841]     0.8502,     0.9535,     0.9669,     1.3577, 
[ 80200,  0.0000837]     0.8477,     0.9507,     0.9645,     1.4737, 
[ 80300,  0.0000833]     0.8517,     0.9531,     0.9665,     1.3981, 
[ 80400,  0.0000829]     0.8530,     0.9560,     0.9686,     1.2947, 
[ 80500,  0.0000824]     0.8531,     0.9530,     0.9666,     1.4830, 
[ 80600,  0.0000820]     0.8487,     0.9526,     0.9657,     1.6368, 
[ 80700,  0.0000816]     0.8516,     0.9536,     0.9670,     1.5085, 
[ 80800,  0.0000812]     0.8488,     0.9528,     0.9660,     1.4344, 
[ 80900,  0.0000808]     0.8515,     0.9548,     0.9676,     1.5475, 
[ 81000,  0.0000803]     0.8581,     0.9564,     0.9689,     1.2650, 
[ 81100,  0.0000799]     0.8441,     0.9519,     0.9655,     1.4276, 
[ 81200,  0.0000795]     0.8575,     0.9560,     0.9694,     1.2729, 
[ 81300,  0.0000791]     0.8675,     0.9587,     0.9707,     1.2577, 
[ 81400,  0.0000787]     0.8605,     0.9551,     0.9677,     1.3195, 
[ 81500,  0.0000782]     0.8553,     0.9542,     0.9677,     1.3876, 
[ 81600,  0.0000778]     0.8541,     0.9537,     0.9669,     1.3470, 
[ 81700,  0.0000774]     0.8545,     0.9564,     0.9690,     1.3230, 
[ 81800,  0.0000770]     0.8474,     0.9540,     0.9677,     1.3827, 
[ 81900,  0.0000766]     0.8600,     0.9570,     0.9691,     1.2354, 
[ 82000,  0.0000761]     0.8586,     0.9549,     0.9669,     1.3532, 
[ 82100,  0.0000757]     0.8489,     0.9490,     0.9624,     1.8724, 
[ 82200,  0.0000753]     0.8548,     0.9531,     0.9663,     1.4658, 
[ 82300,  0.0000749]     0.8524,     0.9534,     0.9664,     1.3938, 
[ 82400,  0.0000745]     0.8557,     0.9539,     0.9665,     1.4651, 
[ 82500,  0.0000740]     0.8558,     0.9569,     0.9692,     1.4351, 
[ 82600,  0.0000736]     0.8576,     0.9566,     0.9694,     1.2688, 
[ 82700,  0.0000732]     0.8501,     0.9526,     0.9671,     1.4403, 
[ 82800,  0.0000728]     0.8503,     0.9530,     0.9662,     1.5056, 
[ 82900,  0.0000724]     0.8549,     0.9555,     0.9686,     1.3509, 
[ 83000,  0.0000719]     0.8583,     0.9548,     0.9677,     1.3593, 
[ 83100,  0.0000715]     0.8523,     0.9535,     0.9663,     1.4110, 
[ 83200,  0.0000711]     0.8565,     0.9552,     0.9675,     1.4850, 
[ 83300,  0.0000707]     0.8527,     0.9541,     0.9665,     1.4476, 
[ 83400,  0.0000702]     0.8598,     0.9566,     0.9690,     1.3949, 
[ 83500,  0.0000698]     0.8527,     0.9529,     0.9657,     1.5015, 
[ 83600,  0.0000694]     0.8563,     0.9570,     0.9703,     1.2347, 
[ 83700,  0.0000690]     0.8588,     0.9551,     0.9678,     1.3760, 
[ 83800,  0.0000686]     0.8593,     0.9559,     0.9684,     1.4708, 
[ 83900,  0.0000681]     0.8541,     0.9528,     0.9657,     1.4154, 
[ 84000,  0.0000677]     0.8485,     0.9505,     0.9641,     1.5681, 
[ 84100,  0.0000673]     0.8584,     0.9559,     0.9682,     1.3174, 
[ 84200,  0.0000669]     0.8585,     0.9567,     0.9691,     1.3686, 
[ 84300,  0.0000665]     0.8537,     0.9555,     0.9682,     1.3300, 
[ 84400,  0.0000660]     0.8575,     0.9581,     0.9704,     1.2514, 
[ 84500,  0.0000656]     0.8544,     0.9550,     0.9676,     1.4668, 
[ 84600,  0.0000652]     0.8548,     0.9563,     0.9685,     1.3672, 
[ 84700,  0.0000648]     0.8499,     0.9539,     0.9665,     1.4424, 
[ 84800,  0.0000644]     0.8510,     0.9566,     0.9695,     1.2374, 
[ 84900,  0.0000639]     0.8576,     0.9530,     0.9660,     1.4049, 
[ 85000,  0.0000635]     0.8581,     0.9532,     0.9659,     1.5927, 
Validation Chairs EPE: 0.865764
[ 85100,  0.0000631]     0.8483,     0.9524,     0.9656,     1.6402, 
[ 85200,  0.0000627]     0.8539,     0.9534,     0.9663,     1.7140, 
[ 85300,  0.0000623]     0.8564,     0.9557,     0.9681,     1.4472, 
[ 85400,  0.0000618]     0.8612,     0.9549,     0.9681,     1.4702, 
[ 85500,  0.0000614]     0.8535,     0.9556,     0.9687,     1.3565, 
[ 85600,  0.0000610]     0.8551,     0.9534,     0.9669,     1.3929, 
[ 85700,  0.0000606]     0.8517,     0.9523,     0.9664,     1.3545, 
[ 85800,  0.0000602]     0.8564,     0.9548,     0.9671,     1.3352, 
[ 85900,  0.0000597]     0.8561,     0.9557,     0.9681,     1.2963, 
[ 86000,  0.0000593]     0.8622,     0.9561,     0.9687,     1.2752, 
[ 86100,  0.0000589]     0.8605,     0.9567,     0.9688,     1.3270, 
[ 86200,  0.0000585]     0.8552,     0.9551,     0.9679,     1.3636, 
[ 86300,  0.0000580]     0.8559,     0.9555,     0.9681,     1.4053, 
[ 86400,  0.0000576]     0.8543,     0.9543,     0.9672,     1.3748, 
[ 86500,  0.0000572]     0.8525,     0.9529,     0.9662,     1.3994, 
[ 86600,  0.0000568]     0.8591,     0.9571,     0.9695,     1.2744, 
[ 86700,  0.0000564]     0.8532,     0.9547,     0.9674,     1.3040, 
[ 86800,  0.0000559]     0.8586,     0.9575,     0.9702,     1.4038, 
[ 86900,  0.0000555]     0.8530,     0.9540,     0.9669,     1.3529, 
[ 87000,  0.0000551]     0.8595,     0.9532,     0.9665,     1.5593, 
[ 87100,  0.0000547]     0.8533,     0.9557,     0.9683,     1.3075, 
[ 87200,  0.0000543]     0.8530,     0.9549,     0.9676,     1.2980, 
[ 87300,  0.0000538]     0.8616,     0.9560,     0.9681,     1.3146, 
[ 87400,  0.0000534]     0.8579,     0.9570,     0.9690,     1.3292, 
[ 87500,  0.0000530]     0.8526,     0.9547,     0.9679,     1.3259, 
[ 87600,  0.0000526]     0.8595,     0.9586,     0.9709,     1.1652, 
[ 87700,  0.0000522]     0.8518,     0.9530,     0.9662,     1.4497, 
[ 87800,  0.0000517]     0.8480,     0.9501,     0.9633,     1.5178, 
[ 87900,  0.0000513]     0.8539,     0.9527,     0.9659,     1.4694, 
[ 88000,  0.0000509]     0.8528,     0.9533,     0.9665,     1.3989, 
[ 88100,  0.0000505]     0.8569,     0.9562,     0.9680,     1.4555, 
[ 88200,  0.0000501]     0.8544,     0.9565,     0.9692,     1.3330, 
[ 88300,  0.0000496]     0.8634,     0.9577,     0.9700,     1.2974, 
[ 88400,  0.0000492]     0.8456,     0.9520,     0.9653,     1.4613, 
[ 88500,  0.0000488]     0.8584,     0.9579,     0.9699,     1.3524, 
[ 88600,  0.0000484]     0.8620,     0.9579,     0.9704,     1.2131, 
[ 88700,  0.0000480]     0.8606,     0.9564,     0.9689,     1.3444, 
[ 88800,  0.0000475]     0.8516,     0.9552,     0.9679,     1.3557, 
[ 88900,  0.0000471]     0.8540,     0.9533,     0.9666,     1.3833, 
[ 89000,  0.0000467]     0.8599,     0.9576,     0.9697,     1.2747, 
[ 89100,  0.0000463]     0.8549,     0.9546,     0.9674,     1.2744, 
[ 89200,  0.0000459]     0.8566,     0.9556,     0.9677,     1.4517, 
[ 89300,  0.0000454]     0.8592,     0.9571,     0.9692,     1.2979, 
[ 89400,  0.0000450]     0.8567,     0.9555,     0.9675,     1.3955, 
[ 89500,  0.0000446]     0.8571,     0.9571,     0.9694,     1.2400, 
[ 89600,  0.0000442]     0.8596,     0.9553,     0.9682,     1.3285, 
[ 89700,  0.0000437]     0.8531,     0.9537,     0.9664,     1.2746, 
[ 89800,  0.0000433]     0.8590,     0.9545,     0.9667,     1.4970, 
[ 89900,  0.0000429]     0.8616,     0.9568,     0.9695,     1.2897, 
[ 90000,  0.0000425]     0.8523,     0.9550,     0.9673,     1.4000, 
Validation Chairs EPE: 0.868250
[ 90100,  0.0000421]     0.8595,     0.9539,     0.9673,     1.3747, 
[ 90200,  0.0000416]     0.8622,     0.9575,     0.9692,     1.2833, 
[ 90300,  0.0000412]     0.8602,     0.9561,     0.9687,     1.2730, 
[ 90400,  0.0000408]     0.8525,     0.9551,     0.9677,     1.2984, 
[ 90500,  0.0000404]     0.8569,     0.9584,     0.9710,     1.1730, 
[ 90600,  0.0000400]     0.8574,     0.9540,     0.9669,     1.4589, 
[ 90700,  0.0000395]     0.8524,     0.9538,     0.9659,     1.4433, 
[ 90800,  0.0000391]     0.8617,     0.9579,     0.9697,     1.2865, 
[ 90900,  0.0000387]     0.8629,     0.9586,     0.9707,     1.1839, 
[ 91000,  0.0000383]     0.8599,     0.9569,     0.9696,     1.3388, 
[ 91100,  0.0000379]     0.8647,     0.9584,     0.9705,     1.2070, 
[ 91200,  0.0000374]     0.8563,     0.9535,     0.9660,     1.3914, 
[ 91300,  0.0000370]     0.8598,     0.9564,     0.9685,     1.4001, 
[ 91400,  0.0000366]     0.8555,     0.9551,     0.9676,     1.3244, 
[ 91500,  0.0000362]     0.8627,     0.9583,     0.9706,     1.2610, 
[ 91600,  0.0000358]     0.8552,     0.9558,     0.9691,     1.2583, 
[ 91700,  0.0000353]     0.8605,     0.9568,     0.9694,     1.4880, 
[ 91800,  0.0000349]     0.8559,     0.9570,     0.9691,     1.3260, 
[ 91900,  0.0000345]     0.8595,     0.9555,     0.9684,     1.5599, 
[ 92000,  0.0000341]     0.8613,     0.9555,     0.9679,     1.4374, 
[ 92100,  0.0000337]     0.8586,     0.9564,     0.9694,     1.2730, 
[ 92200,  0.0000332]     0.8535,     0.9544,     0.9673,     1.3068, 
[ 92300,  0.0000328]     0.8548,     0.9557,     0.9681,     1.3288, 
[ 92400,  0.0000324]     0.8578,     0.9574,     0.9700,     1.3367, 
[ 92500,  0.0000320]     0.8594,     0.9581,     0.9703,     1.2420, 
[ 92600,  0.0000315]     0.8501,     0.9521,     0.9661,     1.4527, 
[ 92700,  0.0000311]     0.8564,     0.9556,     0.9684,     1.3836, 
[ 92800,  0.0000307]     0.8620,     0.9562,     0.9690,     1.3209, 
[ 92900,  0.0000303]     0.8565,     0.9552,     0.9676,     1.4357, 
[ 93000,  0.0000299]     0.8586,     0.9568,     0.9694,     1.3170, 
[ 93100,  0.0000294]     0.8694,     0.9600,     0.9720,     1.2414, 
[ 93200,  0.0000290]     0.8604,     0.9590,     0.9708,     1.2407, 
[ 93300,  0.0000286]     0.8513,     0.9519,     0.9650,     1.5307, 
[ 93400,  0.0000282]     0.8542,     0.9550,     0.9677,     1.4474, 
[ 93500,  0.0000278]     0.8660,     0.9586,     0.9703,     1.2649, 
[ 93600,  0.0000273]     0.8617,     0.9577,     0.9701,     1.1709, 
[ 93700,  0.0000269]     0.8555,     0.9553,     0.9685,     1.2957, 
[ 93800,  0.0000265]     0.8621,     0.9587,     0.9701,     1.2024, 
[ 93900,  0.0000261]     0.8577,     0.9542,     0.9671,     1.3060, 
[ 94000,  0.0000257]     0.8597,     0.9557,     0.9676,     1.4078, 
[ 94100,  0.0000252]     0.8618,     0.9585,     0.9706,     1.1797, 
[ 94200,  0.0000248]     0.8574,     0.9554,     0.9678,     1.3736, 
[ 94300,  0.0000244]     0.8593,     0.9551,     0.9676,     1.3740, 
[ 94400,  0.0000240]     0.8622,     0.9575,     0.9697,     1.2566, 
[ 94500,  0.0000236]     0.8591,     0.9565,     0.9684,     1.3103, 
[ 94600,  0.0000231]     0.8602,     0.9584,     0.9698,     1.2843, 
[ 94700,  0.0000227]     0.8583,     0.9555,     0.9680,     1.4478, 
[ 94800,  0.0000223]     0.8655,     0.9580,     0.9699,     1.2532, 
[ 94900,  0.0000219]     0.8585,     0.9528,     0.9651,     1.4108, 
[ 95000,  0.0000215]     0.8598,     0.9543,     0.9663,     1.4034, 
Validation Chairs EPE: 0.864157
[ 95100,  0.0000210]     0.8596,     0.9576,     0.9690,     1.2652, 
[ 95200,  0.0000206]     0.8668,     0.9586,     0.9701,     1.2037, 
[ 95300,  0.0000202]     0.8596,     0.9551,     0.9675,     1.3793, 
[ 95400,  0.0000198]     0.8556,     0.9527,     0.9662,     1.3442, 
[ 95500,  0.0000194]     0.8595,     0.9562,     0.9681,     1.3927, 
[ 95600,  0.0000189]     0.8653,     0.9595,     0.9713,     1.1991, 
[ 95700,  0.0000185]     0.8668,     0.9596,     0.9711,     1.2112, 
[ 95800,  0.0000181]     0.8709,     0.9591,     0.9708,     1.3327, 
[ 95900,  0.0000177]     0.8585,     0.9569,     0.9697,     1.2175, 
[ 96000,  0.0000172]     0.8630,     0.9572,     0.9689,     1.4145, 
[ 96100,  0.0000168]     0.8602,     0.9560,     0.9681,     1.3291, 
[ 96200,  0.0000164]     0.8588,     0.9535,     0.9668,     1.2720, 
[ 96300,  0.0000160]     0.8591,     0.9575,     0.9696,     1.2942, 
[ 96400,  0.0000156]     0.8583,     0.9563,     0.9686,     1.4364, 
[ 96500,  0.0000151]     0.8657,     0.9576,     0.9699,     1.3025, 
[ 96600,  0.0000147]     0.8580,     0.9551,     0.9680,     1.2799, 
[ 96700,  0.0000143]     0.8565,     0.9568,     0.9696,     1.2270, 
[ 96800,  0.0000139]     0.8521,     0.9521,     0.9653,     1.4959, 
[ 96900,  0.0000135]     0.8672,     0.9591,     0.9708,     1.2103, 
[ 97000,  0.0000130]     0.8717,     0.9594,     0.9716,     1.1845, 
[ 97100,  0.0000126]     0.8611,     0.9583,     0.9701,     1.2158, 
[ 97200,  0.0000122]     0.8560,     0.9560,     0.9689,     1.3122, 
[ 97300,  0.0000118]     0.8581,     0.9558,     0.9680,     1.3818, 
[ 97400,  0.0000114]     0.8598,     0.9554,     0.9682,     1.2992, 
[ 97500,  0.0000109]     0.8608,     0.9556,     0.9682,     1.2672, 
[ 97600,  0.0000105]     0.8667,     0.9590,     0.9707,     1.2469, 
